<?xml version="1.0" encoding="UTF-8"?>
<!-- Generated by org.testng.reporters.JUnitReportReporter -->
<testsuite hostname="Lakshmis-MacBook-Pro.local" failures="0" tests="1" name="com.ziledoc.testCases.TC_LoginTest_001" time="0.763" errors="0" timestamp="2021-05-24T08:06:10 IST" skipped="0">
  <testcase classname="com.ziledoc.testCases.TC_LoginTest_001" name="loginTest" time="0.763"/>
  <system-out/>
</testsuite> <!-- com.ziledoc.testCases.TC_LoginTest_001 -->
